<?xml version="1.0" encoding="UTF-8"?>
<testsuite name="com.java.playground.AppTest" tests="1" skipped="0" failures="0" errors="0" timestamp="2019-04-30T19:22:55" hostname="Meet" time="0.004">
  <properties/>
  <testcase name="testAppHasAGreeting" classname="com.java.playground.AppTest" time="0.004"/>
  <system-out><![CDATA[]]></system-out>
  <system-err><![CDATA[]]></system-err>
</testsuite>
